
8/6/2015, 8:16:01 PM

Operating System
  Name                        = Mac OS X
  Version                     = 10.10.4
  Architecture                = 64bit
  # CPUs                      = 4
  Memory                      = 8589934592

Node.js
  Node.js Version             = 0.12.7
  npm Version                 = 2.11.3

Titanium CLI
  CLI Version                 = 4.0.1

Titanium SDK
  SDK Version                 = 4.1.0.GA
  SDK Path                    = /Users/garicchi/Library/Application Support/Titanium/mobilesdk/osx/4.1.0.GA
  Target Platform             = android

Command
  /usr/local/bin/node /Users/garicchi/.appcelerator/install/4.1.2/package/node_modules/appc-cli-titanium/node_modules/titanium/bin/titanium build --platform android --log-level trace --sdk 4.1.0.GA --project-dir /Users/garicchi/Projects/Repository/TitaniumMobileSample/TiTodoSample --target device --android-sdk /Users/garicchi/Library/android-sdk-macosx --device-id 10.71.34.101:5555 --skip-js-minify --liveview --deploy-type development --no-colors --no-progress-bars --no-prompt --prompt-type socket-bundle --prompt-port 50578 --plugin-paths /Users/garicchi/.appcelerator/install/4.1.2/package/node_modules --config-file /var/folders/d3/7y_52xs94d3c481l6cw7yb8c0000gn/T/build-1438859748489.json --no-banner

[DEBUG]  Detecting modules in /Users/garicchi/Library/Application Support/Titanium/modules
[DEBUG]  Detected android module: com.appcelerator.apm 1.1.1 @ /Users/garicchi/Library/Application Support/Titanium/modules/android/com.appcelerator.apm/1.1.1
[DEBUG]  Detected android module: facebook 4.0.5 @ /Users/garicchi/Library/Application Support/Titanium/modules/android/facebook/4.0.5
[DEBUG]  Detected android module: ti.cloudpush 3.3.8 @ /Users/garicchi/Library/Application Support/Titanium/modules/android/ti.cloudpush/3.3.8
[DEBUG]  Detected android module: ti.map 2.3.1 @ /Users/garicchi/Library/Application Support/Titanium/modules/android/ti.map/2.3.1
[DEBUG]  Detected commonjs module: ti.cloud 3.2.9 @ /Users/garicchi/Library/Application Support/Titanium/modules/commonjs/ti.cloud/3.2.9
[DEBUG]  Detected iphone module: com.appcelerator.apm 1.1.1 @ /Users/garicchi/Library/Application Support/Titanium/modules/iphone/com.appcelerator.apm/1.1.1
[DEBUG]  Detected iphone module: com.appcelerator.urlSession 1.1.1 @ /Users/garicchi/Library/Application Support/Titanium/modules/iphone/com.appcelerator.urlSession/1.1.1
[DEBUG]  Detected iphone module: facebook 4.0.5 @ /Users/garicchi/Library/Application Support/Titanium/modules/iphone/facebook/4.0.5
[DEBUG]  Detected iphone module: ti.coremotion 1.1.0 @ /Users/garicchi/Library/Application Support/Titanium/modules/iphone/ti.coremotion/1.1.0
[DEBUG]  Detected iphone module: ti.map 2.3.1 @ /Users/garicchi/Library/Application Support/Titanium/modules/iphone/ti.map/2.3.1
[DEBUG]  Detected iphone module: ti.touchid 1.1.0 @ /Users/garicchi/Library/Application Support/Titanium/modules/iphone/ti.touchid/1.1.0
[DEBUG]  Looking for Titanium module id=ti.cloud version=latest platform=commonjs deploy-type=development
[INFO]   Found Titanium module id=ti.cloud version=3.2.9 platform=commonjs deploy-type=development path=/Users/garicchi/Library/Application Support/Titanium/modules/commonjs/ti.cloud/3.2.9
[DEBUG]  Detecting plugins in /Users/garicchi/Projects/Repository/TitaniumMobileSample/TiTodoSample/plugins
[DEBUG]  Detected plugin: ti.alloy @ /Users/garicchi/Projects/Repository/TitaniumMobileSample/TiTodoSample/plugins/ti.alloy
[DEBUG]  Detecting plugins in /Users/garicchi/Library/Application Support/Titanium/plugins
[DEBUG]  Detected plugin: com.appcelerator.test @ /Users/garicchi/Library/Application Support/Titanium/plugins/com.appcelerator.test
[DEBUG]  Looking for Titanium plugin id=ti.alloy version=1.0
[INFO]   Found Titanium plugin id=ti.alloy version=1.0 
[DEBUG]  Titanium SDK Android directory: /Users/garicchi/Library/Application Support/Titanium/mobilesdk/osx/4.1.0.GA/android
[INFO]   Deploy type: development
[INFO]   Building for target: device
[INFO]   Building for device: 10.71.34.101:5555
[INFO]   Targeting Android SDK: 21
[INFO]   Building for the following architectures: armeabi, armeabi-v7a, x86
[INFO]   Signing with keystore: /Users/garicchi/Library/Application Support/Titanium/mobilesdk/osx/4.1.0.GA/android/dev_keystore (tidev)
[DEBUG]  App ID: com.garicchi.titodosample
[DEBUG]  Classname: Titodosample
[INFO]   Debugging disabled
[INFO]   Profiler disabled
[INFO]   Found Alloy app in /Users/garicchi/Projects/Repository/TitaniumMobileSample/TiTodoSample/app
[INFO]   Executing Alloy compile: /usr/local/bin/node /Users/garicchi/.appcelerator/install/4.1.2/package/node_modules/appc-cli-titanium/node_modules/.bin/alloy compile /Users/garicchi/Projects/Repository/TitaniumMobileSample/TiTodoSample/app --config platform=android,version=0,simtype=none,devicefamily=none,deploytype=development,target=device --no-colors
[DEBUG]         .__  .__                
[DEBUG]  _____  |  | |  |   ____ ___.__.
[DEBUG]  \__  \ |  | |  |  /  _ <   |  |
[DEBUG]   / __ \|  |_|  |_(  <_> )___  |
[DEBUG]  (____  /____/____/\____// ____|
[DEBUG]       \/                 \/
[DEBUG]  Alloy 1.6.2 by Appcelerator. The MVC app framework for Titanium.
[DEBUG]  ----- CONFIGURATION -----
[DEBUG]  raw config = "platform=android,version=0,simtype=none,devicefamily=none,deploytype=development,target=device"
[DEBUG]  platform = android
[DEBUG]  version = 0
[DEBUG]  simtype = none
[DEBUG]  devicefamily = none
[DEBUG]  deploytype = development
[DEBUG]  target = device
[DEBUG]  project path = /Users/garicchi/Projects/Repository/TitaniumMobileSample/TiTodoSample
[DEBUG]  app path = /Users/garicchi/Projects/Repository/TitaniumMobileSample/TiTodoSample/app
[DEBUG]  
[DEBUG]  ----- CONFIG.JSON -----
[DEBUG]  dependencies = {}
[INFO]   [config.json] config.json unchanged, using cached config.json...
[DEBUG]  {
[DEBUG]  "dependencies": {},
[DEBUG]  "sourcemap": true,
[DEBUG]  "autoStyle": false,
[DEBUG]  "adapters": [
[DEBUG]  "localStorage",
[DEBUG]  "properties",
[DEBUG]  "sql"
[DEBUG]  ]
[DEBUG]  }
[DEBUG]  
[DEBUG]  ----- CLEANING RESOURCES -----
[DEBUG]  Removing orphaned controllers ...
[DEBUG]  Removing orphaned models ...
[DEBUG]  Removing orphaned styles ...
[DEBUG]  Removing orphaned sync adapters...
[DEBUG]  Removing orphaned assets and libs...
[DEBUG]  
[DEBUG]  ----- BASE RUNTIME FILES -----
[TRACE]  SRC_DIR=/Users/garicchi/.appcelerator/install/4.1.2/package/node_modules/appc-cli-titanium/node_modules/alloy/Alloy/lib
[TRACE]  Copying SRC_DIR/alloy/sync/sql.js --> Resources/android/alloy/sync/sql.js
[TRACE]  Copying SRC_DIR/alloy/sync/properties.js --> Resources/android/alloy/sync/properties.js
[TRACE]  Copying SRC_DIR/alloy/sync/localStorage.js --> Resources/android/alloy/sync/localStorage.js
[TRACE]  Copying SRC_DIR/alloy/controllers/BaseController.js --> Resources/android/alloy/controllers/BaseController.js
[TRACE]  Copying SRC_DIR/alloy/widget.js --> Resources/android/alloy/widget.js
[TRACE]  Copying SRC_DIR/alloy/underscore.js --> Resources/android/alloy/underscore.js
[TRACE]  Copying SRC_DIR/alloy.js --> Resources/android/alloy.js
[TRACE]  
[TRACE]  SRC_DIR=/Users/garicchi/.appcelerator/install/4.1.2/package/node_modules/appc-cli-titanium/node_modules/alloy/Alloy/common
[TRACE]  Copying SRC_DIR/constants.js --> Resources/android/alloy/constants.js
[TRACE]  
[TRACE]  SRC_DIR=/Users/garicchi/Projects/Repository/TitaniumMobileSample/TiTodoSample/app/assets
[TRACE]  
[DEBUG]  
[INFO]   ----- MVC GENERATION -----
[INFO]   [global style] loading from cache...
[INFO]   [add.xml] view processing...
[INFO]   style:      "add.tss"
[INFO]   view:       "add.xml"
[WARN]   ing: moment construction falls back to js Date. This is discouraged and will be removed in upcoming major release. Please refer to https://github.com/moment/moment/issues/1407 for more info.
[INFO]   controller: "add.js"
[TRACE]  - Processing "builtins" module...
[TRACE]  - Processing "optimizer" module...
[TRACE]  - Processing "compress" module...
[INFO]   created:    "Resources/android/alloy/controllers/add.js"
[DEBUG]  map:        "build/map/Resources/android/alloy/controllers/add.js.map"
[INFO]   created:     "Resources/android/alloy/styles/add.js"
[INFO]   [detail.xml] view processing...
[INFO]   style:      "detail.tss"
[INFO]   view:       "detail.xml"
[WARN]   <Label> at line 5 is using this view's default ID "detail". Only a top-level element in a view should use the default ID
[INFO]   controller: "detail.js"
[TRACE]  - Processing "builtins" module...
[TRACE]  - Processing "optimizer" module...
[TRACE]  - Processing "compress" module...
[INFO]   created:    "Resources/android/alloy/controllers/detail.js"
[DEBUG]  map:        "build/map/Resources/android/alloy/controllers/detail.js.map"
[INFO]   created:     "Resources/android/alloy/styles/detail.js"
[INFO]   [index.xml] view processing...
[INFO]   style:      "index.tss"
[INFO]   view:       "index.xml"
[INFO]   controller: "index.js"
[TRACE]  - Processing "builtins" module...
[TRACE]  - Processing "optimizer" module...
[TRACE]  - Processing "compress" module...
[INFO]   created:    "Resources/android/alloy/controllers/index.js"
[DEBUG]  map:        "build/map/Resources/android/alloy/controllers/index.js.map"
[INFO]   created:     "Resources/android/alloy/styles/index.js"
[INFO]   
[INFO]   [app.js] using cached app.js...
[INFO]   
[INFO]   ----- OPTIMIZING -----
[INFO]   - android/alloy.js
[TRACE]  processing "builtins" module...
[TRACE]  processing "optimizer" module...
[TRACE]  processing "compress" module...
[INFO]   - android/alloy/sync/localStorage.js
[TRACE]  processing "builtins" module...
[TRACE]  processing "optimizer" module...
[TRACE]  processing "compress" module...
[INFO]   - android/alloy/sync/properties.js
[TRACE]  processing "builtins" module...
[TRACE]  processing "optimizer" module...
[TRACE]  processing "compress" module...
[INFO]   - android/alloy/sync/sql.js
[TRACE]  processing "builtins" module...
[TRACE]  processing "optimizer" module...
[TRACE]  processing "compress" module...
[TRACE]  
[TRACE]  Benchmarking
[TRACE]  ------------
[TRACE]  [1.99541s] TOTAL
[INFO]   
[INFO]   Alloy compiled in 1.99541s
[INFO]   Alloy compiler completed successfully
[TRACE]  offline build file /var/folders/d3/7y_52xs94d3c481l6cw7yb8c0000gn/T/build-940918373403136cc69c172fd62ace860046e43d.json
[TRACE]  online 1
[TRACE]  optimizing build, last build was 172.902 sec ago
[DEBUG]  Ignoring /Users/garicchi/Projects/Repository/TitaniumMobileSample/TiTodoSample/Resources/android
[DEBUG]  Ignoring /Users/garicchi/Projects/Repository/TitaniumMobileSample/TiTodoSample/Resources/iphone
[DEBUG]  Ignoring /Users/garicchi/Projects/Repository/TitaniumMobileSample/TiTodoSample/Resources/mobileweb
[WARN]   Overwriting file /Users/garicchi/Projects/Repository/TitaniumMobileSample/TiTodoSample/build/android/bin/assets/Resources/appicon.png
[DEBUG]  Symlinking /Users/garicchi/Projects/Repository/TitaniumMobileSample/TiTodoSample/Resources/android/appicon.png => /Users/garicchi/Projects/Repository/TitaniumMobileSample/TiTodoSample/build/android/bin/assets/Resources/appicon.png
[DEBUG]  Symlinking /Users/garicchi/Projects/Repository/TitaniumMobileSample/TiTodoSample/Resources/android/default.png => /Users/garicchi/Projects/Repository/TitaniumMobileSample/TiTodoSample/build/android/res/drawable/background.png
[DEBUG]  Symlinking /Users/garicchi/Projects/Repository/TitaniumMobileSample/TiTodoSample/Resources/android/images/res-long-land-hdpi/default.png => /Users/garicchi/Projects/Repository/TitaniumMobileSample/TiTodoSample/build/android/res/drawable-long-land-hdpi/background.png
[DEBUG]  Symlinking /Users/garicchi/Projects/Repository/TitaniumMobileSample/TiTodoSample/Resources/android/images/res-long-land-ldpi/default.png => /Users/garicchi/Projects/Repository/TitaniumMobileSample/TiTodoSample/build/android/res/drawable-long-land-ldpi/background.png
[DEBUG]  Symlinking /Users/garicchi/Projects/Repository/TitaniumMobileSample/TiTodoSample/Resources/android/images/res-long-port-hdpi/default.png => /Users/garicchi/Projects/Repository/TitaniumMobileSample/TiTodoSample/build/android/res/drawable-long-port-hdpi/background.png
[DEBUG]  Symlinking /Users/garicchi/Projects/Repository/TitaniumMobileSample/TiTodoSample/Resources/android/images/res-long-port-ldpi/default.png => /Users/garicchi/Projects/Repository/TitaniumMobileSample/TiTodoSample/build/android/res/drawable-long-port-ldpi/background.png
[DEBUG]  Symlinking /Users/garicchi/Projects/Repository/TitaniumMobileSample/TiTodoSample/Resources/android/images/res-notlong-land-hdpi/default.png => /Users/garicchi/Projects/Repository/TitaniumMobileSample/TiTodoSample/build/android/res/drawable-notlong-land-hdpi/background.png
[DEBUG]  Symlinking /Users/garicchi/Projects/Repository/TitaniumMobileSample/TiTodoSample/Resources/android/images/res-notlong-land-ldpi/default.png => /Users/garicchi/Projects/Repository/TitaniumMobileSample/TiTodoSample/build/android/res/drawable-notlong-land-ldpi/background.png
[DEBUG]  Symlinking /Users/garicchi/Projects/Repository/TitaniumMobileSample/TiTodoSample/Resources/android/images/res-notlong-land-mdpi/default.png => /Users/garicchi/Projects/Repository/TitaniumMobileSample/TiTodoSample/build/android/res/drawable-notlong-land-mdpi/background.png
[DEBUG]  Symlinking /Users/garicchi/Projects/Repository/TitaniumMobileSample/TiTodoSample/Resources/android/images/res-notlong-port-hdpi/default.png => /Users/garicchi/Projects/Repository/TitaniumMobileSample/TiTodoSample/build/android/res/drawable-notlong-port-hdpi/background.png
[DEBUG]  Symlinking /Users/garicchi/Projects/Repository/TitaniumMobileSample/TiTodoSample/Resources/android/images/res-notlong-port-ldpi/default.png => /Users/garicchi/Projects/Repository/TitaniumMobileSample/TiTodoSample/build/android/res/drawable-notlong-port-ldpi/background.png
[DEBUG]  Symlinking /Users/garicchi/Projects/Repository/TitaniumMobileSample/TiTodoSample/Resources/android/images/res-notlong-port-mdpi/default.png => /Users/garicchi/Projects/Repository/TitaniumMobileSample/TiTodoSample/build/android/res/drawable-notlong-port-mdpi/background.png
[DEBUG]  Symlinking /Users/garicchi/Projects/Repository/TitaniumMobileSample/TiTodoSample/platform/android/res/drawable-hdpi/appicon.png => /Users/garicchi/Projects/Repository/TitaniumMobileSample/TiTodoSample/build/android/res/drawable-hdpi/appicon.png
[DEBUG]  Symlinking /Users/garicchi/Projects/Repository/TitaniumMobileSample/TiTodoSample/platform/android/res/drawable-ldpi/appicon.png => /Users/garicchi/Projects/Repository/TitaniumMobileSample/TiTodoSample/build/android/res/drawable-ldpi/appicon.png
[DEBUG]  Symlinking /Users/garicchi/Projects/Repository/TitaniumMobileSample/TiTodoSample/platform/android/res/drawable-mdpi/appicon.png => /Users/garicchi/Projects/Repository/TitaniumMobileSample/TiTodoSample/build/android/res/drawable-mdpi/appicon.png
[DEBUG]  Symlinking /Users/garicchi/Projects/Repository/TitaniumMobileSample/TiTodoSample/platform/android/res/drawable-xhdpi/appicon.png => /Users/garicchi/Projects/Repository/TitaniumMobileSample/TiTodoSample/build/android/res/drawable-xhdpi/appicon.png
[DEBUG]  Symlinking /Users/garicchi/Projects/Repository/TitaniumMobileSample/TiTodoSample/platform/android/res/drawable-xxhdpi/appicon.png => /Users/garicchi/Projects/Repository/TitaniumMobileSample/TiTodoSample/build/android/res/drawable-xxhdpi/appicon.png
[DEBUG]  Symlinking /Users/garicchi/Projects/Repository/TitaniumMobileSample/TiTodoSample/platform/android/res/drawable-xxxhdpi/appicon.png => /Users/garicchi/Projects/Repository/TitaniumMobileSample/TiTodoSample/build/android/res/drawable-xxxhdpi/appicon.png
[DEBUG]  Symlinking /Users/garicchi/Projects/Repository/TitaniumMobileSample/TiTodoSample/build/android/bin/assets/Resources/appicon.png => /Users/garicchi/Projects/Repository/TitaniumMobileSample/TiTodoSample/build/android/res/drawable/appicon.png
[INFO]   Processing JavaScript files
[WARN]   Overwriting file /Users/garicchi/Projects/Repository/TitaniumMobileSample/TiTodoSample/build/android/bin/assets/Resources/alloy/CFG.js
[DEBUG]  Symlinking /Users/garicchi/Projects/Repository/TitaniumMobileSample/TiTodoSample/Resources/alloy/CFG.js => /Users/garicchi/Projects/Repository/TitaniumMobileSample/TiTodoSample/build/android/bin/assets/Resources/alloy/CFG.js
[WARN]   Overwriting file /Users/garicchi/Projects/Repository/TitaniumMobileSample/TiTodoSample/build/android/bin/assets/Resources/app.js
[DEBUG]  Symlinking /var/folders/d3/7y_52xs94d3c481l6cw7yb8c0000gn/T/liveview.js => /Users/garicchi/Projects/Repository/TitaniumMobileSample/TiTodoSample/build/android/bin/assets/Resources/app.js
[WARN]   Overwriting file /Users/garicchi/Projects/Repository/TitaniumMobileSample/TiTodoSample/build/android/bin/assets/Resources/alloy/backbone.js
[DEBUG]  Symlinking /Users/garicchi/Projects/Repository/TitaniumMobileSample/TiTodoSample/Resources/android/alloy/backbone.js => /Users/garicchi/Projects/Repository/TitaniumMobileSample/TiTodoSample/build/android/bin/assets/Resources/alloy/backbone.js
[WARN]   Overwriting file /Users/garicchi/Projects/Repository/TitaniumMobileSample/TiTodoSample/build/android/bin/assets/Resources/alloy/constants.js
[DEBUG]  Symlinking /Users/garicchi/Projects/Repository/TitaniumMobileSample/TiTodoSample/Resources/android/alloy/constants.js => /Users/garicchi/Projects/Repository/TitaniumMobileSample/TiTodoSample/build/android/bin/assets/Resources/alloy/constants.js
[WARN]   Overwriting file /Users/garicchi/Projects/Repository/TitaniumMobileSample/TiTodoSample/build/android/bin/assets/Resources/alloy/controllers/BaseController.js
[DEBUG]  Symlinking /Users/garicchi/Projects/Repository/TitaniumMobileSample/TiTodoSample/Resources/android/alloy/controllers/BaseController.js => /Users/garicchi/Projects/Repository/TitaniumMobileSample/TiTodoSample/build/android/bin/assets/Resources/alloy/controllers/BaseController.js
[WARN]   Overwriting file /Users/garicchi/Projects/Repository/TitaniumMobileSample/TiTodoSample/build/android/bin/assets/Resources/alloy/controllers/add.js
[DEBUG]  Symlinking /Users/garicchi/Projects/Repository/TitaniumMobileSample/TiTodoSample/Resources/android/alloy/controllers/add.js => /Users/garicchi/Projects/Repository/TitaniumMobileSample/TiTodoSample/build/android/bin/assets/Resources/alloy/controllers/add.js
[WARN]   Overwriting file /Users/garicchi/Projects/Repository/TitaniumMobileSample/TiTodoSample/build/android/bin/assets/Resources/alloy/controllers/detail.js
[DEBUG]  Symlinking /Users/garicchi/Projects/Repository/TitaniumMobileSample/TiTodoSample/Resources/android/alloy/controllers/detail.js => /Users/garicchi/Projects/Repository/TitaniumMobileSample/TiTodoSample/build/android/bin/assets/Resources/alloy/controllers/detail.js
[WARN]   Overwriting file /Users/garicchi/Projects/Repository/TitaniumMobileSample/TiTodoSample/build/android/bin/assets/Resources/alloy/controllers/index.js
[DEBUG]  Symlinking /Users/garicchi/Projects/Repository/TitaniumMobileSample/TiTodoSample/Resources/android/alloy/controllers/index.js => /Users/garicchi/Projects/Repository/TitaniumMobileSample/TiTodoSample/build/android/bin/assets/Resources/alloy/controllers/index.js
[WARN]   Overwriting file /Users/garicchi/Projects/Repository/TitaniumMobileSample/TiTodoSample/build/android/bin/assets/Resources/alloy/styles/add.js
[DEBUG]  Symlinking /Users/garicchi/Projects/Repository/TitaniumMobileSample/TiTodoSample/Resources/android/alloy/styles/add.js => /Users/garicchi/Projects/Repository/TitaniumMobileSample/TiTodoSample/build/android/bin/assets/Resources/alloy/styles/add.js
[WARN]   Overwriting file /Users/garicchi/Projects/Repository/TitaniumMobileSample/TiTodoSample/build/android/bin/assets/Resources/alloy/styles/detail.js
[DEBUG]  Symlinking /Users/garicchi/Projects/Repository/TitaniumMobileSample/TiTodoSample/Resources/android/alloy/styles/detail.js => /Users/garicchi/Projects/Repository/TitaniumMobileSample/TiTodoSample/build/android/bin/assets/Resources/alloy/styles/detail.js
[WARN]   Overwriting file /Users/garicchi/Projects/Repository/TitaniumMobileSample/TiTodoSample/build/android/bin/assets/Resources/alloy/styles/index.js
[DEBUG]  Symlinking /Users/garicchi/Projects/Repository/TitaniumMobileSample/TiTodoSample/Resources/android/alloy/styles/index.js => /Users/garicchi/Projects/Repository/TitaniumMobileSample/TiTodoSample/build/android/bin/assets/Resources/alloy/styles/index.js
[WARN]   Overwriting file /Users/garicchi/Projects/Repository/TitaniumMobileSample/TiTodoSample/build/android/bin/assets/Resources/alloy/sync/localStorage.js
[DEBUG]  Symlinking /Users/garicchi/Projects/Repository/TitaniumMobileSample/TiTodoSample/Resources/android/alloy/sync/localStorage.js => /Users/garicchi/Projects/Repository/TitaniumMobileSample/TiTodoSample/build/android/bin/assets/Resources/alloy/sync/localStorage.js
[WARN]   Overwriting file /Users/garicchi/Projects/Repository/TitaniumMobileSample/TiTodoSample/build/android/bin/assets/Resources/alloy/sync/properties.js
[DEBUG]  Symlinking /Users/garicchi/Projects/Repository/TitaniumMobileSample/TiTodoSample/Resources/android/alloy/sync/properties.js => /Users/garicchi/Projects/Repository/TitaniumMobileSample/TiTodoSample/build/android/bin/assets/Resources/alloy/sync/properties.js
[WARN]   Overwriting file /Users/garicchi/Projects/Repository/TitaniumMobileSample/TiTodoSample/build/android/bin/assets/Resources/alloy/sync/sql.js
[DEBUG]  Symlinking /Users/garicchi/Projects/Repository/TitaniumMobileSample/TiTodoSample/Resources/android/alloy/sync/sql.js => /Users/garicchi/Projects/Repository/TitaniumMobileSample/TiTodoSample/build/android/bin/assets/Resources/alloy/sync/sql.js
[WARN]   Overwriting file /Users/garicchi/Projects/Repository/TitaniumMobileSample/TiTodoSample/build/android/bin/assets/Resources/alloy/underscore.js
[DEBUG]  Symlinking /Users/garicchi/Projects/Repository/TitaniumMobileSample/TiTodoSample/Resources/android/alloy/underscore.js => /Users/garicchi/Projects/Repository/TitaniumMobileSample/TiTodoSample/build/android/bin/assets/Resources/alloy/underscore.js
[WARN]   Overwriting file /Users/garicchi/Projects/Repository/TitaniumMobileSample/TiTodoSample/build/android/bin/assets/Resources/alloy/widget.js
[DEBUG]  Symlinking /Users/garicchi/Projects/Repository/TitaniumMobileSample/TiTodoSample/Resources/android/alloy/widget.js => /Users/garicchi/Projects/Repository/TitaniumMobileSample/TiTodoSample/build/android/bin/assets/Resources/alloy/widget.js
[WARN]   Overwriting file /Users/garicchi/Projects/Repository/TitaniumMobileSample/TiTodoSample/build/android/bin/assets/Resources/alloy.js
[DEBUG]  Symlinking /Users/garicchi/Projects/Repository/TitaniumMobileSample/TiTodoSample/Resources/android/alloy.js => /Users/garicchi/Projects/Repository/TitaniumMobileSample/TiTodoSample/build/android/bin/assets/Resources/alloy.js
[WARN]   Overwriting file /Users/garicchi/Projects/Repository/TitaniumMobileSample/TiTodoSample/build/android/bin/assets/Resources/ti.cloud.js
[DEBUG]  Symlinking /Users/garicchi/Library/Application Support/Titanium/modules/commonjs/ti.cloud/3.2.9/ti.cloud.js => /Users/garicchi/Projects/Repository/TitaniumMobileSample/TiTodoSample/build/android/bin/assets/Resources/ti.cloud.js
[DEBUG]  Adding library /Users/garicchi/Library/Application Support/Titanium/mobilesdk/osx/4.1.0.GA/android/kroll-v8.jar
[DEBUG]  Adding library /Users/garicchi/Library/Application Support/Titanium/mobilesdk/osx/4.1.0.GA/android/modules/titanium-analytics.jar
[DEBUG]  Adding dependency library /Users/garicchi/Library/Application Support/Titanium/mobilesdk/osx/4.1.0.GA/android/aps-analytics.jar
[DEBUG]  Adding library /Users/garicchi/Library/Application Support/Titanium/mobilesdk/osx/4.1.0.GA/android/modules/titanium-android.jar
[DEBUG]  Adding dependency library /Users/garicchi/Library/Application Support/Titanium/mobilesdk/osx/4.1.0.GA/android/jaxen-1.1.1.jar
[DEBUG]  Adding dependency library /Users/garicchi/Library/Application Support/Titanium/mobilesdk/osx/4.1.0.GA/android/ti-commons-codec-1.3.jar
[DEBUG]  Adding dependency library /Users/garicchi/Library/Application Support/Titanium/mobilesdk/osx/4.1.0.GA/android/kroll-common.jar
[DEBUG]  Adding dependency library /Users/garicchi/Library/Application Support/Titanium/mobilesdk/osx/4.1.0.GA/android/titanium.jar
[DEBUG]  Adding library /Users/garicchi/Library/Application Support/Titanium/mobilesdk/osx/4.1.0.GA/android/modules/titanium-app.jar
[DEBUG]  Adding library /Users/garicchi/Library/Application Support/Titanium/mobilesdk/osx/4.1.0.GA/android/modules/titanium-ui.jar
[DEBUG]  Adding dependency library /Users/garicchi/Library/Application Support/Titanium/mobilesdk/osx/4.1.0.GA/android/nineoldandroids-appc-2.4.0.jar
[DEBUG]  Adding library /Users/garicchi/Library/Application Support/Titanium/mobilesdk/osx/4.1.0.GA/android/modules/titanium-filesystem.jar
[DEBUG]  Adding library /Users/garicchi/Library/Application Support/Titanium/mobilesdk/osx/4.1.0.GA/android/modules/titanium-media.jar
[DEBUG]  Adding library /Users/garicchi/Library/Application Support/Titanium/mobilesdk/osx/4.1.0.GA/android/modules/titanium-appcompat.jar
[DEBUG]  Adding dependency library /Users/garicchi/Library/Application Support/Titanium/mobilesdk/osx/4.1.0.GA/android/android-support-v4.jar
[DEBUG]  Adding dependency library /Users/garicchi/Library/Application Support/Titanium/mobilesdk/osx/4.1.0.GA/android/android-support-v7-appcompat.jar
[DEBUG]  Adding library /Users/garicchi/Library/Application Support/Titanium/mobilesdk/osx/4.1.0.GA/android/modules/titanium-locale.jar
[DEBUG]  Adding library /Users/garicchi/Library/Application Support/Titanium/mobilesdk/osx/4.1.0.GA/android/modules/titanium-network.jar
[DEBUG]  Adding dependency library /Users/garicchi/Library/Application Support/Titanium/mobilesdk/osx/4.1.0.GA/android/thirdparty.jar
[DEBUG]  Adding library /Users/garicchi/Library/Application Support/Titanium/mobilesdk/osx/4.1.0.GA/android/modules/titanium-xml.jar
[DEBUG]  Adding library /Users/garicchi/Library/Application Support/Titanium/mobilesdk/osx/4.1.0.GA/android/modules/titanium-utils.jar
[DEBUG]  Adding library /Users/garicchi/Library/Application Support/Titanium/mobilesdk/osx/4.1.0.GA/android/modules/titanium-geolocation.jar
[DEBUG]  Adding library /Users/garicchi/Library/Application Support/Titanium/mobilesdk/osx/4.1.0.GA/android/modules/titanium-accelerometer.jar
[DEBUG]  Adding library /Users/garicchi/Library/Application Support/Titanium/mobilesdk/osx/4.1.0.GA/android/modules/titanium-contacts.jar
[DEBUG]  Adding library /Users/garicchi/Library/Application Support/Titanium/mobilesdk/osx/4.1.0.GA/android/modules/titanium-map.jar
[DEBUG]  Adding library /Users/garicchi/Library/Application Support/Titanium/mobilesdk/osx/4.1.0.GA/android/modules/titanium-calendar.jar
[DEBUG]  Adding library /Users/garicchi/Library/Application Support/Titanium/mobilesdk/osx/4.1.0.GA/android/modules/titanium-gesture.jar
[DEBUG]  Adding library /Users/garicchi/Library/Application Support/Titanium/mobilesdk/osx/4.1.0.GA/android/modules/titanium-platform.jar
[DEBUG]  Adding library /Users/garicchi/Library/Application Support/Titanium/mobilesdk/osx/4.1.0.GA/android/modules/titanium-database.jar
[DEBUG]  Unknown namespace stream, skipping
[DEBUG]  Unknown namespace api, skipping
[DEBUG]  Unknown namespace platform.displaycaps, skipping
[DEBUG]  Unknown namespace app.deploytype, skipping
[DEBUG]  Unknown namespace ui.ios, skipping
[INFO]   Writing /Users/garicchi/Projects/Repository/TitaniumMobileSample/TiTodoSample/build/android/bin/assets/app.json
[INFO]   Extracting module resources: /Users/garicchi/Library/Application Support/Titanium/mobilesdk/osx/4.1.0.GA/android/modules/titanium-analytics.res.zip
[DEBUG]  Copying /var/folders/d3/7y_52xs94d3c481l6cw7yb8c0000gn/T/11576-3872-19nja9b/res/values/strings.xml => /Users/garicchi/Projects/Repository/TitaniumMobileSample/TiTodoSample/build/android/res/values/strings.xml
[INFO]   Extracting module resources: /Users/garicchi/Library/Application Support/Titanium/mobilesdk/osx/4.1.0.GA/android/modules/titanium-android.res.zip
[DEBUG]  Merging /var/folders/d3/7y_52xs94d3c481l6cw7yb8c0000gn/T/11576-3872-1rok1ys/res/values/strings.xml => /Users/garicchi/Projects/Repository/TitaniumMobileSample/TiTodoSample/build/android/res/values/strings.xml
[INFO]   Extracting module resources: /Users/garicchi/Library/Application Support/Titanium/mobilesdk/osx/4.1.0.GA/android/modules/titanium-app.res.zip
[DEBUG]  Merging /var/folders/d3/7y_52xs94d3c481l6cw7yb8c0000gn/T/11576-3872-xpreu8/res/values/strings.xml => /Users/garicchi/Projects/Repository/TitaniumMobileSample/TiTodoSample/build/android/res/values/strings.xml
[INFO]   Extracting module resources: /Users/garicchi/Library/Application Support/Titanium/mobilesdk/osx/4.1.0.GA/android/modules/titanium-filesystem.res.zip
[DEBUG]  Merging /var/folders/d3/7y_52xs94d3c481l6cw7yb8c0000gn/T/11576-3872-18aiep9/res/values/strings.xml => /Users/garicchi/Projects/Repository/TitaniumMobileSample/TiTodoSample/build/android/res/values/strings.xml
[INFO]   Extracting module resources: /Users/garicchi/Library/Application Support/Titanium/mobilesdk/osx/4.1.0.GA/android/modules/titanium-media.res.zip
[DEBUG]  Merging /var/folders/d3/7y_52xs94d3c481l6cw7yb8c0000gn/T/11576-3872-j41wmq/res/values/strings.xml => /Users/garicchi/Projects/Repository/TitaniumMobileSample/TiTodoSample/build/android/res/values/strings.xml
[INFO]   Extracting module resources: /Users/garicchi/Library/Application Support/Titanium/mobilesdk/osx/4.1.0.GA/android/modules/titanium-locale.res.zip
[DEBUG]  Merging /var/folders/d3/7y_52xs94d3c481l6cw7yb8c0000gn/T/11576-3872-1vqobbw/res/values/strings.xml => /Users/garicchi/Projects/Repository/TitaniumMobileSample/TiTodoSample/build/android/res/values/strings.xml
[INFO]   Extracting module resources: /Users/garicchi/Library/Application Support/Titanium/mobilesdk/osx/4.1.0.GA/android/modules/titanium-network.res.zip
[DEBUG]  Merging /var/folders/d3/7y_52xs94d3c481l6cw7yb8c0000gn/T/11576-3872-146tlmw/res/values/strings.xml => /Users/garicchi/Projects/Repository/TitaniumMobileSample/TiTodoSample/build/android/res/values/strings.xml
[INFO]   Extracting module resources: /Users/garicchi/Library/Application Support/Titanium/mobilesdk/osx/4.1.0.GA/android/modules/titanium-xml.res.zip
[DEBUG]  Merging /var/folders/d3/7y_52xs94d3c481l6cw7yb8c0000gn/T/11576-3872-3v0jj4/res/values/strings.xml => /Users/garicchi/Projects/Repository/TitaniumMobileSample/TiTodoSample/build/android/res/values/strings.xml
[INFO]   Extracting module resources: /Users/garicchi/Library/Application Support/Titanium/mobilesdk/osx/4.1.0.GA/android/modules/titanium-utils.res.zip
[DEBUG]  Merging /var/folders/d3/7y_52xs94d3c481l6cw7yb8c0000gn/T/11576-3872-nbkcrd/res/values/strings.xml => /Users/garicchi/Projects/Repository/TitaniumMobileSample/TiTodoSample/build/android/res/values/strings.xml
[INFO]   Extracting module resources: /Users/garicchi/Library/Application Support/Titanium/mobilesdk/osx/4.1.0.GA/android/modules/titanium-geolocation.res.zip
[DEBUG]  Merging /var/folders/d3/7y_52xs94d3c481l6cw7yb8c0000gn/T/11576-3872-x8qe7v/res/values/strings.xml => /Users/garicchi/Projects/Repository/TitaniumMobileSample/TiTodoSample/build/android/res/values/strings.xml
[INFO]   Extracting module resources: /Users/garicchi/Library/Application Support/Titanium/mobilesdk/osx/4.1.0.GA/android/modules/titanium-accelerometer.res.zip
[DEBUG]  Merging /var/folders/d3/7y_52xs94d3c481l6cw7yb8c0000gn/T/11576-3872-17z4jvz/res/values/strings.xml => /Users/garicchi/Projects/Repository/TitaniumMobileSample/TiTodoSample/build/android/res/values/strings.xml
[INFO]   Extracting module resources: /Users/garicchi/Library/Application Support/Titanium/mobilesdk/osx/4.1.0.GA/android/modules/titanium-contacts.res.zip
[DEBUG]  Merging /var/folders/d3/7y_52xs94d3c481l6cw7yb8c0000gn/T/11576-3872-1of7q08/res/values/strings.xml => /Users/garicchi/Projects/Repository/TitaniumMobileSample/TiTodoSample/build/android/res/values/strings.xml
[INFO]   Extracting module resources: /Users/garicchi/Library/Application Support/Titanium/mobilesdk/osx/4.1.0.GA/android/modules/titanium-map.res.zip
[DEBUG]  Merging /var/folders/d3/7y_52xs94d3c481l6cw7yb8c0000gn/T/11576-3872-36emk6/res/values/strings.xml => /Users/garicchi/Projects/Repository/TitaniumMobileSample/TiTodoSample/build/android/res/values/strings.xml
[INFO]   Extracting module resources: /Users/garicchi/Library/Application Support/Titanium/mobilesdk/osx/4.1.0.GA/android/modules/titanium-calendar.res.zip
[DEBUG]  Merging /var/folders/d3/7y_52xs94d3c481l6cw7yb8c0000gn/T/11576-3872-1h6kl8f/res/values/strings.xml => /Users/garicchi/Projects/Repository/TitaniumMobileSample/TiTodoSample/build/android/res/values/strings.xml
[INFO]   Extracting module resources: /Users/garicchi/Library/Application Support/Titanium/mobilesdk/osx/4.1.0.GA/android/modules/titanium-gesture.res.zip
[DEBUG]  Merging /var/folders/d3/7y_52xs94d3c481l6cw7yb8c0000gn/T/11576-3872-o8nryo/res/values/strings.xml => /Users/garicchi/Projects/Repository/TitaniumMobileSample/TiTodoSample/build/android/res/values/strings.xml
[INFO]   Extracting module resources: /Users/garicchi/Library/Application Support/Titanium/mobilesdk/osx/4.1.0.GA/android/modules/titanium-platform.res.zip
[DEBUG]  Merging /var/folders/d3/7y_52xs94d3c481l6cw7yb8c0000gn/T/11576-3872-7eircn/res/values/strings.xml => /Users/garicchi/Projects/Repository/TitaniumMobileSample/TiTodoSample/build/android/res/values/strings.xml
[INFO]   Extracting module resources: /Users/garicchi/Library/Application Support/Titanium/mobilesdk/osx/4.1.0.GA/android/modules/titanium-database.res.zip
[DEBUG]  Merging /var/folders/d3/7y_52xs94d3c481l6cw7yb8c0000gn/T/11576-3872-wtkcg6/res/values/strings.xml => /Users/garicchi/Projects/Repository/TitaniumMobileSample/TiTodoSample/build/android/res/values/strings.xml
[DEBUG]  Removing old file: /Users/garicchi/Projects/Repository/TitaniumMobileSample/TiTodoSample/build/android/.classpath
[DEBUG]  Removing old file: /Users/garicchi/Projects/Repository/TitaniumMobileSample/TiTodoSample/build/android/.gitignore
[DEBUG]  Removing old file: /Users/garicchi/Projects/Repository/TitaniumMobileSample/TiTodoSample/build/android/.project
[DEBUG]  Removing old file: /Users/garicchi/Projects/Repository/TitaniumMobileSample/TiTodoSample/build/android/AndroidManifest.xml
[DEBUG]  Removing old file: /Users/garicchi/Projects/Repository/TitaniumMobileSample/TiTodoSample/build/android/default.properties
[DEBUG]  Removing old file: /Users/garicchi/Projects/Repository/TitaniumMobileSample/TiTodoSample/build/android/gen/com/garicchi/titodosample/ApplicationStylesheet.java
[DEBUG]  Removing old file: /Users/garicchi/Projects/Repository/TitaniumMobileSample/TiTodoSample/build/android/gen/com/garicchi/titodosample/R.java
[DEBUG]  Removing old file: /Users/garicchi/Projects/Repository/TitaniumMobileSample/TiTodoSample/build/android/gen/com/garicchi/titodosample/TitodosampleActivity.java
[DEBUG]  Removing old file: /Users/garicchi/Projects/Repository/TitaniumMobileSample/TiTodoSample/build/android/gen/com/garicchi/titodosample/TitodosampleAppInfo.java
[DEBUG]  Removing old file: /Users/garicchi/Projects/Repository/TitaniumMobileSample/TiTodoSample/build/android/gen/com/garicchi/titodosample/TitodosampleApplication.java
[DEBUG]  Removing old file: /Users/garicchi/Projects/Repository/TitaniumMobileSample/TiTodoSample/build/android/java-sources.txt
[DEBUG]  Copying template /Users/garicchi/Library/Application Support/Titanium/mobilesdk/osx/4.1.0.GA/android/templates/build/AppInfo.java => /Users/garicchi/Projects/Repository/TitaniumMobileSample/TiTodoSample/build/android/gen/com/garicchi/titodosample/TitodosampleAppInfo.java
[DEBUG]  Copying template /Users/garicchi/Library/Application Support/Titanium/mobilesdk/osx/4.1.0.GA/android/templates/build/App.java => /Users/garicchi/Projects/Repository/TitaniumMobileSample/TiTodoSample/build/android/gen/com/garicchi/titodosample/TitodosampleApplication.java
[DEBUG]  Copying template /Users/garicchi/Library/Application Support/Titanium/mobilesdk/osx/4.1.0.GA/android/templates/build/Activity.java => /Users/garicchi/Projects/Repository/TitaniumMobileSample/TiTodoSample/build/android/gen/com/garicchi/titodosample/TitodosampleActivity.java
[DEBUG]  Copying template /Users/garicchi/Library/Application Support/Titanium/mobilesdk/osx/4.1.0.GA/android/templates/build/project => /Users/garicchi/Projects/Repository/TitaniumMobileSample/TiTodoSample/build/android/.project
[DEBUG]  Copying template /Users/garicchi/Library/Application Support/Titanium/mobilesdk/osx/4.1.0.GA/android/templates/build/default.properties => /Users/garicchi/Projects/Repository/TitaniumMobileSample/TiTodoSample/build/android/default.properties
[DEBUG]  Copying /Users/garicchi/Library/Application Support/Titanium/mobilesdk/osx/4.1.0.GA/android/templates/build/gitignore => /Users/garicchi/Projects/Repository/TitaniumMobileSample/TiTodoSample/build/android/.gitignore
[DEBUG]  Copying /Users/garicchi/Library/Application Support/Titanium/mobilesdk/osx/4.1.0.GA/android/templates/build/classpath => /Users/garicchi/Projects/Repository/TitaniumMobileSample/TiTodoSample/build/android/.classpath
[INFO]   No aidl files to compile, continuing
[INFO]   Generating i18n files
[DEBUG]  Merging en strings => /Users/garicchi/Projects/Repository/TitaniumMobileSample/TiTodoSample/build/android/res/values/strings.xml
[INFO]   Generating /Users/garicchi/Projects/Repository/TitaniumMobileSample/TiTodoSample/build/android/res/values/theme.xml
[INFO]   Packaging application: /Users/garicchi/Library/android-sdk-macosx/build-tools/23.0.0.3/aapt "package" "-f" "-m" "-J" "/Users/garicchi/Projects/Repository/TitaniumMobileSample/TiTodoSample/build/android/gen" "-M" "/Users/garicchi/Projects/Repository/TitaniumMobileSample/TiTodoSample/build/android/AndroidManifest.xml" "-A" "/Users/garicchi/Projects/Repository/TitaniumMobileSample/TiTodoSample/build/android/bin/assets" "-S" "/Users/garicchi/Projects/Repository/TitaniumMobileSample/TiTodoSample/build/android/res" "-I" "/Users/garicchi/Library/android-sdk-macosx/platforms/android-21/android.jar" "-F" "/Users/garicchi/Projects/Repository/TitaniumMobileSample/TiTodoSample/build/android/bin/app.ap_" "--auto-add-overlay" "--extra-packages" "ti.modules.titanium.ui:android.support.v7.appcompat" "-S" "/var/folders/d3/7y_52xs94d3c481l6cw7yb8c0000gn/T/11576-3872-qhpl3w/res" "-S" "/var/folders/d3/7y_52xs94d3c481l6cw7yb8c0000gn/T/11576-3872-a1of26/res"
[INFO]   Building Java source files: /Library/Java/JavaVirtualMachines/jdk1.8.0_51.jdk/Contents/Home/bin/javac "-J-Xmx256M" "-encoding" "utf8" "-bootclasspath" "/Users/garicchi/Library/android-sdk-macosx/platforms/android-21/android.jar:/Users/garicchi/Library/Application Support/Titanium/mobilesdk/osx/4.1.0.GA/android/kroll-v8.jar:/Users/garicchi/Library/Application Support/Titanium/mobilesdk/osx/4.1.0.GA/android/modules/titanium-analytics.jar:/Users/garicchi/Library/Application Support/Titanium/mobilesdk/osx/4.1.0.GA/android/aps-analytics.jar:/Users/garicchi/Library/Application Support/Titanium/mobilesdk/osx/4.1.0.GA/android/modules/titanium-android.jar:/Users/garicchi/Library/Application Support/Titanium/mobilesdk/osx/4.1.0.GA/android/jaxen-1.1.1.jar:/Users/garicchi/Library/Application Support/Titanium/mobilesdk/osx/4.1.0.GA/android/ti-commons-codec-1.3.jar:/Users/garicchi/Library/Application Support/Titanium/mobilesdk/osx/4.1.0.GA/android/kroll-common.jar:/Users/garicchi/Library/Application Support/Titanium/mobilesdk/osx/4.1.0.GA/android/titanium.jar:/Users/garicchi/Library/Application Support/Titanium/mobilesdk/osx/4.1.0.GA/android/modules/titanium-app.jar:/Users/garicchi/Library/Application Support/Titanium/mobilesdk/osx/4.1.0.GA/android/modules/titanium-ui.jar:/Users/garicchi/Library/Application Support/Titanium/mobilesdk/osx/4.1.0.GA/android/nineoldandroids-appc-2.4.0.jar:/Users/garicchi/Library/Application Support/Titanium/mobilesdk/osx/4.1.0.GA/android/modules/titanium-filesystem.jar:/Users/garicchi/Library/Application Support/Titanium/mobilesdk/osx/4.1.0.GA/android/modules/titanium-media.jar:/Users/garicchi/Library/Application Support/Titanium/mobilesdk/osx/4.1.0.GA/android/modules/titanium-appcompat.jar:/Users/garicchi/Library/Application Support/Titanium/mobilesdk/osx/4.1.0.GA/android/android-support-v4.jar:/Users/garicchi/Library/Application Support/Titanium/mobilesdk/osx/4.1.0.GA/android/android-support-v7-appcompat.jar:/Users/garicchi/Library/Application Support/Titanium/mobilesdk/osx/4.1.0.GA/android/modules/titanium-locale.jar:/Users/garicchi/Library/Application Support/Titanium/mobilesdk/osx/4.1.0.GA/android/modules/titanium-network.jar:/Users/garicchi/Library/Application Support/Titanium/mobilesdk/osx/4.1.0.GA/android/thirdparty.jar:/Users/garicchi/Library/Application Support/Titanium/mobilesdk/osx/4.1.0.GA/android/modules/titanium-xml.jar:/Users/garicchi/Library/Application Support/Titanium/mobilesdk/osx/4.1.0.GA/android/modules/titanium-utils.jar:/Users/garicchi/Library/Application Support/Titanium/mobilesdk/osx/4.1.0.GA/android/modules/titanium-geolocation.jar:/Users/garicchi/Library/Application Support/Titanium/mobilesdk/osx/4.1.0.GA/android/modules/titanium-accelerometer.jar:/Users/garicchi/Library/Application Support/Titanium/mobilesdk/osx/4.1.0.GA/android/modules/titanium-contacts.jar:/Users/garicchi/Library/Application Support/Titanium/mobilesdk/osx/4.1.0.GA/android/modules/titanium-map.jar:/Users/garicchi/Library/Application Support/Titanium/mobilesdk/osx/4.1.0.GA/android/modules/titanium-calendar.jar:/Users/garicchi/Library/Application Support/Titanium/mobilesdk/osx/4.1.0.GA/android/modules/titanium-gesture.jar:/Users/garicchi/Library/Application Support/Titanium/mobilesdk/osx/4.1.0.GA/android/modules/titanium-platform.jar:/Users/garicchi/Library/Application Support/Titanium/mobilesdk/osx/4.1.0.GA/android/modules/titanium-database.jar:/Users/garicchi/Library/Application Support/Titanium/mobilesdk/osx/4.1.0.GA/android/lib/titanium-verify.jar:R.class:ApplicationStylesheet.class:TitodosampleActivity.class:TitodosampleAppInfo.class:TitodosampleApplication.class" "-d" "/Users/garicchi/Projects/Repository/TitaniumMobileSample/TiTodoSample/build/android/bin/classes" "-proc:none" "-target" "1.6" "-source" "1.6" "@/Users/garicchi/Projects/Repository/TitaniumMobileSample/TiTodoSample/build/android/java-sources.txt"
[INFO]   Running dexer: /Library/Java/JavaVirtualMachines/jdk1.8.0_51.jdk/Contents/Home/bin/java "-Xmx1024M" "-XX:-UseGCOverheadLimit" "-Djava.ext.dirs=/Users/garicchi/Library/android-sdk-macosx/platform-tools" "-jar" "/Users/garicchi/Library/android-sdk-macosx/build-tools/23.0.0.3/lib/dx.jar" "--dex" "--output=/Users/garicchi/Projects/Repository/TitaniumMobileSample/TiTodoSample/build/android/bin/classes.dex" "/Users/garicchi/Projects/Repository/TitaniumMobileSample/TiTodoSample/build/android/bin/classes" "/Users/garicchi/Library/Application Support/Titanium/mobilesdk/osx/4.1.0.GA/android/lib/titanium-verify.jar" "/Users/garicchi/Library/Application Support/Titanium/mobilesdk/osx/4.1.0.GA/android/kroll-v8.jar" "/Users/garicchi/Library/Application Support/Titanium/mobilesdk/osx/4.1.0.GA/android/modules/titanium-analytics.jar" "/Users/garicchi/Library/Application Support/Titanium/mobilesdk/osx/4.1.0.GA/android/aps-analytics.jar" "/Users/garicchi/Library/Application Support/Titanium/mobilesdk/osx/4.1.0.GA/android/modules/titanium-android.jar" "/Users/garicchi/Library/Application Support/Titanium/mobilesdk/osx/4.1.0.GA/android/jaxen-1.1.1.jar" "/Users/garicchi/Library/Application Support/Titanium/mobilesdk/osx/4.1.0.GA/android/ti-commons-codec-1.3.jar" "/Users/garicchi/Library/Application Support/Titanium/mobilesdk/osx/4.1.0.GA/android/kroll-common.jar" "/Users/garicchi/Library/Application Support/Titanium/mobilesdk/osx/4.1.0.GA/android/titanium.jar" "/Users/garicchi/Library/Application Support/Titanium/mobilesdk/osx/4.1.0.GA/android/modules/titanium-app.jar" "/Users/garicchi/Library/Application Support/Titanium/mobilesdk/osx/4.1.0.GA/android/modules/titanium-ui.jar" "/Users/garicchi/Library/Application Support/Titanium/mobilesdk/osx/4.1.0.GA/android/nineoldandroids-appc-2.4.0.jar" "/Users/garicchi/Library/Application Support/Titanium/mobilesdk/osx/4.1.0.GA/android/modules/titanium-filesystem.jar" "/Users/garicchi/Library/Application Support/Titanium/mobilesdk/osx/4.1.0.GA/android/modules/titanium-media.jar" "/Users/garicchi/Library/Application Support/Titanium/mobilesdk/osx/4.1.0.GA/android/modules/titanium-appcompat.jar" "/Users/garicchi/Library/Application Support/Titanium/mobilesdk/osx/4.1.0.GA/android/android-support-v4.jar" "/Users/garicchi/Library/Application Support/Titanium/mobilesdk/osx/4.1.0.GA/android/android-support-v7-appcompat.jar" "/Users/garicchi/Library/Application Support/Titanium/mobilesdk/osx/4.1.0.GA/android/modules/titanium-locale.jar" "/Users/garicchi/Library/Application Support/Titanium/mobilesdk/osx/4.1.0.GA/android/modules/titanium-network.jar" "/Users/garicchi/Library/Application Support/Titanium/mobilesdk/osx/4.1.0.GA/android/thirdparty.jar" "/Users/garicchi/Library/Application Support/Titanium/mobilesdk/osx/4.1.0.GA/android/modules/titanium-xml.jar" "/Users/garicchi/Library/Application Support/Titanium/mobilesdk/osx/4.1.0.GA/android/modules/titanium-utils.jar" "/Users/garicchi/Library/Application Support/Titanium/mobilesdk/osx/4.1.0.GA/android/modules/titanium-geolocation.jar" "/Users/garicchi/Library/Application Support/Titanium/mobilesdk/osx/4.1.0.GA/android/modules/titanium-accelerometer.jar" "/Users/garicchi/Library/Application Support/Titanium/mobilesdk/osx/4.1.0.GA/android/modules/titanium-contacts.jar" "/Users/garicchi/Library/Application Support/Titanium/mobilesdk/osx/4.1.0.GA/android/modules/titanium-map.jar" "/Users/garicchi/Library/Application Support/Titanium/mobilesdk/osx/4.1.0.GA/android/modules/titanium-calendar.jar" "/Users/garicchi/Library/Application Support/Titanium/mobilesdk/osx/4.1.0.GA/android/modules/titanium-gesture.jar" "/Users/garicchi/Library/Application Support/Titanium/mobilesdk/osx/4.1.0.GA/android/modules/titanium-platform.jar" "/Users/garicchi/Library/Application Support/Titanium/mobilesdk/osx/4.1.0.GA/android/modules/titanium-database.jar"
[INFO]   Creating unsigned apk
[DEBUG]  Processing /Users/garicchi/Projects/Repository/TitaniumMobileSample/TiTodoSample/build/android/bin/app.ap_
[DEBUG]  Deflating AndroidManifest.xml
[DEBUG]  Deflating assets/Resources/_app_props_.json
[DEBUG]  Deflating assets/Resources/alloy.js
[DEBUG]  Deflating assets/Resources/alloy/CFG.js
[DEBUG]  Deflating assets/Resources/alloy/backbone.js
[DEBUG]  Deflating assets/Resources/alloy/constants.js
[DEBUG]  Deflating assets/Resources/alloy/controllers/BaseController.js
[DEBUG]  Deflating assets/Resources/alloy/controllers/add.js
[DEBUG]  Deflating assets/Resources/alloy/controllers/detail.js
[DEBUG]  Deflating assets/Resources/alloy/controllers/index.js
[DEBUG]  Deflating assets/Resources/alloy/styles/add.js
[DEBUG]  Deflating assets/Resources/alloy/styles/detail.js
[DEBUG]  Deflating assets/Resources/alloy/styles/index.js
[DEBUG]  Deflating assets/Resources/alloy/sync/localStorage.js
[DEBUG]  Deflating assets/Resources/alloy/sync/properties.js
[DEBUG]  Deflating assets/Resources/alloy/sync/sql.js
[DEBUG]  Deflating assets/Resources/alloy/underscore.js
[DEBUG]  Deflating assets/Resources/alloy/widget.js
[DEBUG]  Deflating assets/Resources/app.js
[DEBUG]  Adding assets/Resources/appicon.png
[DEBUG]  Deflating assets/Resources/ti.cloud.js
[DEBUG]  Deflating assets/app.json
[DEBUG]  Deflating assets/index.json
[DEBUG]  Deflating res/anim/abc_fade_in.xml
[DEBUG]  Deflating res/anim/abc_fade_out.xml
[DEBUG]  Deflating res/anim/abc_grow_fade_in_from_bottom.xml
[DEBUG]  Deflating res/anim/abc_popup_enter.xml
[DEBUG]  Deflating res/anim/abc_popup_exit.xml
[DEBUG]  Deflating res/anim/abc_shrink_fade_out_from_bottom.xml
[DEBUG]  Deflating res/anim/abc_slide_in_bottom.xml
[DEBUG]  Deflating res/anim/abc_slide_in_top.xml
[DEBUG]  Deflating res/anim/abc_slide_out_bottom.xml
[DEBUG]  Deflating res/anim/abc_slide_out_top.xml
[DEBUG]  Deflating res/color-v11/abc_background_cache_hint_selector_material_dark.xml
[DEBUG]  Deflating res/color-v11/abc_background_cache_hint_selector_material_light.xml
[DEBUG]  Deflating res/color/abc_background_cache_hint_selector_material_dark.xml
[DEBUG]  Deflating res/color/abc_background_cache_hint_selector_material_light.xml
[DEBUG]  Deflating res/color/abc_primary_text_disable_only_material_dark.xml
[DEBUG]  Deflating res/color/abc_primary_text_disable_only_material_light.xml
[DEBUG]  Deflating res/color/abc_primary_text_material_dark.xml
[DEBUG]  Deflating res/color/abc_primary_text_material_light.xml
[DEBUG]  Deflating res/color/abc_search_url_text.xml
[DEBUG]  Deflating res/color/abc_secondary_text_material_dark.xml
[DEBUG]  Deflating res/color/abc_secondary_text_material_light.xml
[DEBUG]  Deflating res/color/switch_thumb_material_dark.xml
[DEBUG]  Deflating res/color/switch_thumb_material_light.xml
[DEBUG]  Adding res/drawable-hdpi-v4/abc_ab_share_pack_mtrl_alpha.9.png
[DEBUG]  Adding res/drawable-hdpi-v4/abc_btn_check_to_on_mtrl_000.png
[DEBUG]  Adding res/drawable-hdpi-v4/abc_btn_check_to_on_mtrl_015.png
[DEBUG]  Adding res/drawable-hdpi-v4/abc_btn_radio_to_on_mtrl_000.png
[DEBUG]  Adding res/drawable-hdpi-v4/abc_btn_radio_to_on_mtrl_015.png
[DEBUG]  Adding res/drawable-hdpi-v4/abc_btn_rating_star_off_mtrl_alpha.png
[DEBUG]  Adding res/drawable-hdpi-v4/abc_btn_rating_star_on_mtrl_alpha.png
[DEBUG]  Adding res/drawable-hdpi-v4/abc_btn_switch_to_on_mtrl_00001.9.png
[DEBUG]  Adding res/drawable-hdpi-v4/abc_btn_switch_to_on_mtrl_00012.9.png
[DEBUG]  Adding res/drawable-hdpi-v4/abc_cab_background_top_mtrl_alpha.9.png
[DEBUG]  Adding res/drawable-hdpi-v4/abc_ic_ab_back_mtrl_am_alpha.png
[DEBUG]  Adding res/drawable-hdpi-v4/abc_ic_clear_mtrl_alpha.png
[DEBUG]  Adding res/drawable-hdpi-v4/abc_ic_commit_search_api_mtrl_alpha.png
[DEBUG]  Adding res/drawable-hdpi-v4/abc_ic_go_search_api_mtrl_alpha.png
[DEBUG]  Adding res/drawable-hdpi-v4/abc_ic_menu_copy_mtrl_am_alpha.png
[DEBUG]  Adding res/drawable-hdpi-v4/abc_ic_menu_cut_mtrl_alpha.png
[DEBUG]  Adding res/drawable-hdpi-v4/abc_ic_menu_moreoverflow_mtrl_alpha.png
[DEBUG]  Adding res/drawable-hdpi-v4/abc_ic_menu_paste_mtrl_am_alpha.png
[DEBUG]  Adding res/drawable-hdpi-v4/abc_ic_menu_selectall_mtrl_alpha.png
[DEBUG]  Adding res/drawable-hdpi-v4/abc_ic_menu_share_mtrl_alpha.png
[DEBUG]  Adding res/drawable-hdpi-v4/abc_ic_search_api_mtrl_alpha.png
[DEBUG]  Adding res/drawable-hdpi-v4/abc_ic_voice_search_api_mtrl_alpha.png
[DEBUG]  Adding res/drawable-hdpi-v4/abc_list_divider_mtrl_alpha.9.png
[DEBUG]  Adding res/drawable-hdpi-v4/abc_list_focused_holo.9.png
[DEBUG]  Adding res/drawable-hdpi-v4/abc_list_longpressed_holo.9.png
[DEBUG]  Adding res/drawable-hdpi-v4/abc_list_pressed_holo_dark.9.png
[DEBUG]  Adding res/drawable-hdpi-v4/abc_list_pressed_holo_light.9.png
[DEBUG]  Adding res/drawable-hdpi-v4/abc_list_selector_disabled_holo_dark.9.png
[DEBUG]  Adding res/drawable-hdpi-v4/abc_list_selector_disabled_holo_light.9.png
[DEBUG]  Adding res/drawable-hdpi-v4/abc_menu_hardkey_panel_mtrl_mult.9.png
[DEBUG]  Adding res/drawable-hdpi-v4/abc_popup_background_mtrl_mult.9.png
[DEBUG]  Adding res/drawable-hdpi-v4/abc_spinner_mtrl_am_alpha.9.png
[DEBUG]  Adding res/drawable-hdpi-v4/abc_switch_track_mtrl_alpha.9.png
[DEBUG]  Adding res/drawable-hdpi-v4/abc_tab_indicator_mtrl_alpha.9.png
[DEBUG]  Adding res/drawable-hdpi-v4/abc_text_cursor_mtrl_alpha.9.png
[DEBUG]  Adding res/drawable-hdpi-v4/abc_textfield_activated_mtrl_alpha.9.png
[DEBUG]  Adding res/drawable-hdpi-v4/abc_textfield_default_mtrl_alpha.9.png
[DEBUG]  Adding res/drawable-hdpi-v4/abc_textfield_search_activated_mtrl_alpha.9.png
[DEBUG]  Adding res/drawable-hdpi-v4/abc_textfield_search_default_mtrl_alpha.9.png
[DEBUG]  Adding res/drawable-hdpi-v4/appicon.png
[DEBUG]  Adding res/drawable-ldpi-v4/appicon.png
[DEBUG]  Adding res/drawable-ldrtl-hdpi-v4/abc_ic_ab_back_mtrl_am_alpha.png
[DEBUG]  Adding res/drawable-ldrtl-hdpi-v4/abc_ic_menu_copy_mtrl_am_alpha.png
[DEBUG]  Adding res/drawable-ldrtl-hdpi-v4/abc_ic_menu_cut_mtrl_alpha.png
[DEBUG]  Adding res/drawable-ldrtl-hdpi-v4/abc_spinner_mtrl_am_alpha.9.png
[DEBUG]  Adding res/drawable-ldrtl-mdpi-v4/abc_ic_ab_back_mtrl_am_alpha.png
[DEBUG]  Adding res/drawable-ldrtl-mdpi-v4/abc_ic_menu_copy_mtrl_am_alpha.png
[DEBUG]  Adding res/drawable-ldrtl-mdpi-v4/abc_ic_menu_cut_mtrl_alpha.png
[DEBUG]  Adding res/drawable-ldrtl-mdpi-v4/abc_spinner_mtrl_am_alpha.9.png
[DEBUG]  Adding res/drawable-ldrtl-xhdpi-v4/abc_ic_ab_back_mtrl_am_alpha.png
[DEBUG]  Adding res/drawable-ldrtl-xhdpi-v4/abc_ic_menu_copy_mtrl_am_alpha.png
[DEBUG]  Adding res/drawable-ldrtl-xhdpi-v4/abc_ic_menu_cut_mtrl_alpha.png
[DEBUG]  Adding res/drawable-ldrtl-xhdpi-v4/abc_spinner_mtrl_am_alpha.9.png
[DEBUG]  Adding res/drawable-ldrtl-xxhdpi-v4/abc_ic_ab_back_mtrl_am_alpha.png
[DEBUG]  Adding res/drawable-ldrtl-xxhdpi-v4/abc_ic_menu_copy_mtrl_am_alpha.png
[DEBUG]  Adding res/drawable-ldrtl-xxhdpi-v4/abc_ic_menu_cut_mtrl_alpha.png
[DEBUG]  Adding res/drawable-ldrtl-xxhdpi-v4/abc_spinner_mtrl_am_alpha.9.png
[DEBUG]  Adding res/drawable-ldrtl-xxxhdpi-v4/abc_ic_ab_back_mtrl_am_alpha.png
[DEBUG]  Adding res/drawable-ldrtl-xxxhdpi-v4/abc_ic_menu_copy_mtrl_am_alpha.png
[DEBUG]  Adding res/drawable-ldrtl-xxxhdpi-v4/abc_ic_menu_cut_mtrl_alpha.png
[DEBUG]  Adding res/drawable-ldrtl-xxxhdpi-v4/abc_spinner_mtrl_am_alpha.9.png
[DEBUG]  Adding res/drawable-long-land-hdpi-v4/background.png
[DEBUG]  Adding res/drawable-long-land-ldpi-v4/background.png
[DEBUG]  Adding res/drawable-long-port-hdpi-v4/background.png
[DEBUG]  Adding res/drawable-long-port-ldpi-v4/background.png
[DEBUG]  Adding res/drawable-mdpi-v4/abc_ab_share_pack_mtrl_alpha.9.png
[DEBUG]  Adding res/drawable-mdpi-v4/abc_btn_check_to_on_mtrl_000.png
[DEBUG]  Adding res/drawable-mdpi-v4/abc_btn_check_to_on_mtrl_015.png
[DEBUG]  Adding res/drawable-mdpi-v4/abc_btn_radio_to_on_mtrl_000.png
[DEBUG]  Adding res/drawable-mdpi-v4/abc_btn_radio_to_on_mtrl_015.png
[DEBUG]  Adding res/drawable-mdpi-v4/abc_btn_rating_star_off_mtrl_alpha.png
[DEBUG]  Adding res/drawable-mdpi-v4/abc_btn_rating_star_on_mtrl_alpha.png
[DEBUG]  Adding res/drawable-mdpi-v4/abc_btn_switch_to_on_mtrl_00001.9.png
[DEBUG]  Adding res/drawable-mdpi-v4/abc_btn_switch_to_on_mtrl_00012.9.png
[DEBUG]  Adding res/drawable-mdpi-v4/abc_cab_background_top_mtrl_alpha.9.png
[DEBUG]  Adding res/drawable-mdpi-v4/abc_ic_ab_back_mtrl_am_alpha.png
[DEBUG]  Adding res/drawable-mdpi-v4/abc_ic_clear_mtrl_alpha.png
[DEBUG]  Adding res/drawable-mdpi-v4/abc_ic_commit_search_api_mtrl_alpha.png
[DEBUG]  Adding res/drawable-mdpi-v4/abc_ic_go_search_api_mtrl_alpha.png
[DEBUG]  Adding res/drawable-mdpi-v4/abc_ic_menu_copy_mtrl_am_alpha.png
[DEBUG]  Adding res/drawable-mdpi-v4/abc_ic_menu_cut_mtrl_alpha.png
[DEBUG]  Adding res/drawable-mdpi-v4/abc_ic_menu_moreoverflow_mtrl_alpha.png
[DEBUG]  Adding res/drawable-mdpi-v4/abc_ic_menu_paste_mtrl_am_alpha.png
[DEBUG]  Adding res/drawable-mdpi-v4/abc_ic_menu_selectall_mtrl_alpha.png
[DEBUG]  Adding res/drawable-mdpi-v4/abc_ic_menu_share_mtrl_alpha.png
[DEBUG]  Adding res/drawable-mdpi-v4/abc_ic_search_api_mtrl_alpha.png
[DEBUG]  Adding res/drawable-mdpi-v4/abc_ic_voice_search_api_mtrl_alpha.png
[DEBUG]  Adding res/drawable-mdpi-v4/abc_list_divider_mtrl_alpha.9.png
[DEBUG]  Adding res/drawable-mdpi-v4/abc_list_focused_holo.9.png
[DEBUG]  Adding res/drawable-mdpi-v4/abc_list_longpressed_holo.9.png
[DEBUG]  Adding res/drawable-mdpi-v4/abc_list_pressed_holo_dark.9.png
[DEBUG]  Adding res/drawable-mdpi-v4/abc_list_pressed_holo_light.9.png
[DEBUG]  Adding res/drawable-mdpi-v4/abc_list_selector_disabled_holo_dark.9.png
[DEBUG]  Adding res/drawable-mdpi-v4/abc_list_selector_disabled_holo_light.9.png
[DEBUG]  Adding res/drawable-mdpi-v4/abc_menu_hardkey_panel_mtrl_mult.9.png
[DEBUG]  Adding res/drawable-mdpi-v4/abc_popup_background_mtrl_mult.9.png
[DEBUG]  Adding res/drawable-mdpi-v4/abc_spinner_mtrl_am_alpha.9.png
[DEBUG]  Adding res/drawable-mdpi-v4/abc_switch_track_mtrl_alpha.9.png
[DEBUG]  Adding res/drawable-mdpi-v4/abc_tab_indicator_mtrl_alpha.9.png
[DEBUG]  Adding res/drawable-mdpi-v4/abc_text_cursor_mtrl_alpha.9.png
[DEBUG]  Adding res/drawable-mdpi-v4/abc_textfield_activated_mtrl_alpha.9.png
[DEBUG]  Adding res/drawable-mdpi-v4/abc_textfield_default_mtrl_alpha.9.png
[DEBUG]  Adding res/drawable-mdpi-v4/abc_textfield_search_activated_mtrl_alpha.9.png
[DEBUG]  Adding res/drawable-mdpi-v4/abc_textfield_search_default_mtrl_alpha.9.png
[DEBUG]  Adding res/drawable-mdpi-v4/appicon.png
[DEBUG]  Adding res/drawable-notlong-land-hdpi-v4/background.png
[DEBUG]  Adding res/drawable-notlong-land-ldpi-v4/background.png
[DEBUG]  Adding res/drawable-notlong-land-mdpi-v4/background.png
[DEBUG]  Adding res/drawable-notlong-port-hdpi-v4/background.png
[DEBUG]  Adding res/drawable-notlong-port-ldpi-v4/background.png
[DEBUG]  Adding res/drawable-notlong-port-mdpi-v4/background.png
[DEBUG]  Adding res/drawable-tvdpi-v4/abc_btn_switch_to_on_mtrl_00001.9.png
[DEBUG]  Adding res/drawable-tvdpi-v4/abc_btn_switch_to_on_mtrl_00012.9.png
[DEBUG]  Adding res/drawable-xhdpi-v4/abc_ab_share_pack_mtrl_alpha.9.png
[DEBUG]  Adding res/drawable-xhdpi-v4/abc_btn_check_to_on_mtrl_000.png
[DEBUG]  Adding res/drawable-xhdpi-v4/abc_btn_check_to_on_mtrl_015.png
[DEBUG]  Adding res/drawable-xhdpi-v4/abc_btn_radio_to_on_mtrl_000.png
[DEBUG]  Adding res/drawable-xhdpi-v4/abc_btn_radio_to_on_mtrl_015.png
[DEBUG]  Adding res/drawable-xhdpi-v4/abc_btn_rating_star_off_mtrl_alpha.png
[DEBUG]  Adding res/drawable-xhdpi-v4/abc_btn_rating_star_on_mtrl_alpha.png
[DEBUG]  Adding res/drawable-xhdpi-v4/abc_btn_switch_to_on_mtrl_00001.9.png
[DEBUG]  Adding res/drawable-xhdpi-v4/abc_btn_switch_to_on_mtrl_00012.9.png
[DEBUG]  Adding res/drawable-xhdpi-v4/abc_cab_background_top_mtrl_alpha.9.png
[DEBUG]  Adding res/drawable-xhdpi-v4/abc_ic_ab_back_mtrl_am_alpha.png
[DEBUG]  Adding res/drawable-xhdpi-v4/abc_ic_clear_mtrl_alpha.png
[DEBUG]  Adding res/drawable-xhdpi-v4/abc_ic_commit_search_api_mtrl_alpha.png
[DEBUG]  Adding res/drawable-xhdpi-v4/abc_ic_go_search_api_mtrl_alpha.png
[DEBUG]  Adding res/drawable-xhdpi-v4/abc_ic_menu_copy_mtrl_am_alpha.png
[DEBUG]  Adding res/drawable-xhdpi-v4/abc_ic_menu_cut_mtrl_alpha.png
[DEBUG]  Adding res/drawable-xhdpi-v4/abc_ic_menu_moreoverflow_mtrl_alpha.png
[DEBUG]  Adding res/drawable-xhdpi-v4/abc_ic_menu_paste_mtrl_am_alpha.png
[DEBUG]  Adding res/drawable-xhdpi-v4/abc_ic_menu_selectall_mtrl_alpha.png
[DEBUG]  Adding res/drawable-xhdpi-v4/abc_ic_menu_share_mtrl_alpha.png
[DEBUG]  Adding res/drawable-xhdpi-v4/abc_ic_search_api_mtrl_alpha.png
[DEBUG]  Adding res/drawable-xhdpi-v4/abc_ic_voice_search_api_mtrl_alpha.png
[DEBUG]  Adding res/drawable-xhdpi-v4/abc_list_divider_mtrl_alpha.9.png
[DEBUG]  Adding res/drawable-xhdpi-v4/abc_list_focused_holo.9.png
[DEBUG]  Adding res/drawable-xhdpi-v4/abc_list_longpressed_holo.9.png
[DEBUG]  Adding res/drawable-xhdpi-v4/abc_list_pressed_holo_dark.9.png
[DEBUG]  Adding res/drawable-xhdpi-v4/abc_list_pressed_holo_light.9.png
[DEBUG]  Adding res/drawable-xhdpi-v4/abc_list_selector_disabled_holo_dark.9.png
[DEBUG]  Adding res/drawable-xhdpi-v4/abc_list_selector_disabled_holo_light.9.png
[DEBUG]  Adding res/drawable-xhdpi-v4/abc_menu_hardkey_panel_mtrl_mult.9.png
[DEBUG]  Adding res/drawable-xhdpi-v4/abc_popup_background_mtrl_mult.9.png
[DEBUG]  Adding res/drawable-xhdpi-v4/abc_spinner_mtrl_am_alpha.9.png
[DEBUG]  Adding res/drawable-xhdpi-v4/abc_switch_track_mtrl_alpha.9.png
[DEBUG]  Adding res/drawable-xhdpi-v4/abc_tab_indicator_mtrl_alpha.9.png
[DEBUG]  Adding res/drawable-xhdpi-v4/abc_text_cursor_mtrl_alpha.9.png
[DEBUG]  Adding res/drawable-xhdpi-v4/abc_textfield_activated_mtrl_alpha.9.png
[DEBUG]  Adding res/drawable-xhdpi-v4/abc_textfield_default_mtrl_alpha.9.png
[DEBUG]  Adding res/drawable-xhdpi-v4/abc_textfield_search_activated_mtrl_alpha.9.png
[DEBUG]  Adding res/drawable-xhdpi-v4/abc_textfield_search_default_mtrl_alpha.9.png
[DEBUG]  Adding res/drawable-xhdpi-v4/appicon.png
[DEBUG]  Adding res/drawable-xxhdpi-v4/abc_ab_share_pack_mtrl_alpha.9.png
[DEBUG]  Adding res/drawable-xxhdpi-v4/abc_btn_check_to_on_mtrl_000.png
[DEBUG]  Adding res/drawable-xxhdpi-v4/abc_btn_check_to_on_mtrl_015.png
[DEBUG]  Adding res/drawable-xxhdpi-v4/abc_btn_radio_to_on_mtrl_000.png
[DEBUG]  Adding res/drawable-xxhdpi-v4/abc_btn_radio_to_on_mtrl_015.png
[DEBUG]  Adding res/drawable-xxhdpi-v4/abc_btn_rating_star_off_mtrl_alpha.png
[DEBUG]  Adding res/drawable-xxhdpi-v4/abc_btn_rating_star_on_mtrl_alpha.png
[DEBUG]  Adding res/drawable-xxhdpi-v4/abc_btn_switch_to_on_mtrl_00001.9.png
[DEBUG]  Adding res/drawable-xxhdpi-v4/abc_btn_switch_to_on_mtrl_00012.9.png
[DEBUG]  Adding res/drawable-xxhdpi-v4/abc_cab_background_top_mtrl_alpha.9.png
[DEBUG]  Adding res/drawable-xxhdpi-v4/abc_ic_ab_back_mtrl_am_alpha.png
[DEBUG]  Adding res/drawable-xxhdpi-v4/abc_ic_clear_mtrl_alpha.png
[DEBUG]  Adding res/drawable-xxhdpi-v4/abc_ic_commit_search_api_mtrl_alpha.png
[DEBUG]  Adding res/drawable-xxhdpi-v4/abc_ic_go_search_api_mtrl_alpha.png
[DEBUG]  Adding res/drawable-xxhdpi-v4/abc_ic_menu_copy_mtrl_am_alpha.png
[DEBUG]  Adding res/drawable-xxhdpi-v4/abc_ic_menu_cut_mtrl_alpha.png
[DEBUG]  Adding res/drawable-xxhdpi-v4/abc_ic_menu_moreoverflow_mtrl_alpha.png
[DEBUG]  Adding res/drawable-xxhdpi-v4/abc_ic_menu_paste_mtrl_am_alpha.png
[DEBUG]  Adding res/drawable-xxhdpi-v4/abc_ic_menu_selectall_mtrl_alpha.png
[DEBUG]  Adding res/drawable-xxhdpi-v4/abc_ic_menu_share_mtrl_alpha.png
[DEBUG]  Adding res/drawable-xxhdpi-v4/abc_ic_search_api_mtrl_alpha.png
[DEBUG]  Adding res/drawable-xxhdpi-v4/abc_ic_voice_search_api_mtrl_alpha.png
[DEBUG]  Adding res/drawable-xxhdpi-v4/abc_list_divider_mtrl_alpha.9.png
[DEBUG]  Adding res/drawable-xxhdpi-v4/abc_list_focused_holo.9.png
[DEBUG]  Adding res/drawable-xxhdpi-v4/abc_list_longpressed_holo.9.png
[DEBUG]  Adding res/drawable-xxhdpi-v4/abc_list_pressed_holo_dark.9.png
[DEBUG]  Adding res/drawable-xxhdpi-v4/abc_list_pressed_holo_light.9.png
[DEBUG]  Adding res/drawable-xxhdpi-v4/abc_list_selector_disabled_holo_dark.9.png
[DEBUG]  Adding res/drawable-xxhdpi-v4/abc_list_selector_disabled_holo_light.9.png
[DEBUG]  Adding res/drawable-xxhdpi-v4/abc_menu_hardkey_panel_mtrl_mult.9.png
[DEBUG]  Adding res/drawable-xxhdpi-v4/abc_popup_background_mtrl_mult.9.png
[DEBUG]  Adding res/drawable-xxhdpi-v4/abc_spinner_mtrl_am_alpha.9.png
[DEBUG]  Adding res/drawable-xxhdpi-v4/abc_switch_track_mtrl_alpha.9.png
[DEBUG]  Adding res/drawable-xxhdpi-v4/abc_tab_indicator_mtrl_alpha.9.png
[DEBUG]  Adding res/drawable-xxhdpi-v4/abc_text_cursor_mtrl_alpha.9.png
[DEBUG]  Adding res/drawable-xxhdpi-v4/abc_textfield_activated_mtrl_alpha.9.png
[DEBUG]  Adding res/drawable-xxhdpi-v4/abc_textfield_default_mtrl_alpha.9.png
[DEBUG]  Adding res/drawable-xxhdpi-v4/abc_textfield_search_activated_mtrl_alpha.9.png
[DEBUG]  Adding res/drawable-xxhdpi-v4/abc_textfield_search_default_mtrl_alpha.9.png
[DEBUG]  Adding res/drawable-xxhdpi-v4/appicon.png
[DEBUG]  Adding res/drawable-xxxhdpi-v4/abc_btn_check_to_on_mtrl_000.png
[DEBUG]  Adding res/drawable-xxxhdpi-v4/abc_btn_check_to_on_mtrl_015.png
[DEBUG]  Adding res/drawable-xxxhdpi-v4/abc_btn_radio_to_on_mtrl_000.png
[DEBUG]  Adding res/drawable-xxxhdpi-v4/abc_btn_radio_to_on_mtrl_015.png
[DEBUG]  Adding res/drawable-xxxhdpi-v4/abc_btn_switch_to_on_mtrl_00001.9.png
[DEBUG]  Adding res/drawable-xxxhdpi-v4/abc_btn_switch_to_on_mtrl_00012.9.png
[DEBUG]  Adding res/drawable-xxxhdpi-v4/abc_ic_ab_back_mtrl_am_alpha.png
[DEBUG]  Adding res/drawable-xxxhdpi-v4/abc_ic_clear_mtrl_alpha.png
[DEBUG]  Adding res/drawable-xxxhdpi-v4/abc_ic_menu_copy_mtrl_am_alpha.png
[DEBUG]  Adding res/drawable-xxxhdpi-v4/abc_ic_menu_cut_mtrl_alpha.png
[DEBUG]  Adding res/drawable-xxxhdpi-v4/abc_ic_menu_moreoverflow_mtrl_alpha.png
[DEBUG]  Adding res/drawable-xxxhdpi-v4/abc_ic_menu_paste_mtrl_am_alpha.png
[DEBUG]  Adding res/drawable-xxxhdpi-v4/abc_ic_menu_selectall_mtrl_alpha.png
[DEBUG]  Adding res/drawable-xxxhdpi-v4/abc_ic_menu_share_mtrl_alpha.png
[DEBUG]  Adding res/drawable-xxxhdpi-v4/abc_ic_search_api_mtrl_alpha.png
[DEBUG]  Adding res/drawable-xxxhdpi-v4/abc_ic_voice_search_api_mtrl_alpha.png
[DEBUG]  Adding res/drawable-xxxhdpi-v4/abc_spinner_mtrl_am_alpha.9.png
[DEBUG]  Adding res/drawable-xxxhdpi-v4/abc_switch_track_mtrl_alpha.9.png
[DEBUG]  Adding res/drawable-xxxhdpi-v4/abc_tab_indicator_mtrl_alpha.9.png
[DEBUG]  Adding res/drawable-xxxhdpi-v4/appicon.png
[DEBUG]  Deflating res/drawable/abc_btn_borderless_material.xml
[DEBUG]  Deflating res/drawable/abc_btn_check_material.xml
[DEBUG]  Deflating res/drawable/abc_btn_default_mtrl_shape.xml
[DEBUG]  Deflating res/drawable/abc_btn_radio_material.xml
[DEBUG]  Deflating res/drawable/abc_cab_background_internal_bg.xml
[DEBUG]  Deflating res/drawable/abc_cab_background_top_material.xml
[DEBUG]  Deflating res/drawable/abc_dialog_material_background_dark.xml
[DEBUG]  Deflating res/drawable/abc_dialog_material_background_light.xml
[DEBUG]  Deflating res/drawable/abc_edit_text_material.xml
[DEBUG]  Deflating res/drawable/abc_item_background_holo_dark.xml
[DEBUG]  Deflating res/drawable/abc_item_background_holo_light.xml
[DEBUG]  Deflating res/drawable/abc_list_selector_background_transition_holo_dark.xml
[DEBUG]  Deflating res/drawable/abc_list_selector_background_transition_holo_light.xml
[DEBUG]  Deflating res/drawable/abc_list_selector_holo_dark.xml
[DEBUG]  Deflating res/drawable/abc_list_selector_holo_light.xml
[DEBUG]  Deflating res/drawable/abc_ratingbar_full_material.xml
[DEBUG]  Deflating res/drawable/abc_spinner_textfield_background_material.xml
[DEBUG]  Deflating res/drawable/abc_switch_thumb_material.xml
[DEBUG]  Deflating res/drawable/abc_tab_indicator_material.xml
[DEBUG]  Deflating res/drawable/abc_textfield_search_material.xml
[DEBUG]  Adding res/drawable/appicon.png
[DEBUG]  Adding res/drawable/background.png
[DEBUG]  Adding res/drawable/btn_check_buttonless_on_64.png
[DEBUG]  Adding res/drawable/btn_more_64.png
[DEBUG]  Adding res/drawable/disclosure_64.png
[DEBUG]  Deflating res/layout-v11/abc_screen_content_include.xml
[DEBUG]  Deflating res/layout-v17/abc_alert_dialog_material.xml
[DEBUG]  Deflating res/layout-v17/abc_dialog_title_material.xml
[DEBUG]  Deflating res/layout-v17/abc_search_view.xml
[DEBUG]  Deflating res/layout-v21/abc_screen_toolbar.xml
[DEBUG]  Deflating res/layout/abc_action_bar_title_item.xml
[DEBUG]  Deflating res/layout/abc_action_bar_up_container.xml
[DEBUG]  Deflating res/layout/abc_action_bar_view_list_nav_layout.xml
[DEBUG]  Deflating res/layout/abc_action_menu_item_layout.xml
[DEBUG]  Deflating res/layout/abc_action_menu_layout.xml
[DEBUG]  Deflating res/layout/abc_action_mode_bar.xml
[DEBUG]  Deflating res/layout/abc_action_mode_close_item_material.xml
[DEBUG]  Deflating res/layout/abc_activity_chooser_view.xml
[DEBUG]  Deflating res/layout/abc_activity_chooser_view_list_item.xml
[DEBUG]  Deflating res/layout/abc_alert_dialog_material.xml
[DEBUG]  Deflating res/layout/abc_dialog_title_material.xml
[DEBUG]  Deflating res/layout/abc_expanded_menu_layout.xml
[DEBUG]  Deflating res/layout/abc_list_menu_item_checkbox.xml
[DEBUG]  Deflating res/layout/abc_list_menu_item_icon.xml
[DEBUG]  Deflating res/layout/abc_list_menu_item_layout.xml
[DEBUG]  Deflating res/layout/abc_list_menu_item_radio.xml
[DEBUG]  Deflating res/layout/abc_popup_menu_item_layout.xml
[DEBUG]  Deflating res/layout/abc_screen_content_include.xml
[DEBUG]  Deflating res/layout/abc_screen_simple.xml
[DEBUG]  Deflating res/layout/abc_screen_simple_overlay_action_mode.xml
[DEBUG]  Deflating res/layout/abc_screen_toolbar.xml
[DEBUG]  Deflating res/layout/abc_search_dropdown_item_icons_2line.xml
[DEBUG]  Deflating res/layout/abc_search_view.xml
[DEBUG]  Deflating res/layout/abc_select_dialog_material.xml
[DEBUG]  Deflating res/layout/abc_simple_dropdown_hint.xml
[DEBUG]  Deflating res/layout/select_dialog_item_material.xml
[DEBUG]  Deflating res/layout/select_dialog_multichoice_material.xml
[DEBUG]  Deflating res/layout/select_dialog_singlechoice_material.xml
[DEBUG]  Deflating res/layout/support_simple_spinner_dropdown_item.xml
[DEBUG]  Deflating res/layout/titanium_tabgroup.xml
[DEBUG]  Deflating res/layout/titanium_ui_checkbox.xml
[DEBUG]  Deflating res/layout/titanium_ui_edittext.xml
[DEBUG]  Deflating res/layout/titanium_ui_list_header_or_footer.xml
[DEBUG]  Deflating res/layout/titanium_ui_list_item.xml
[DEBUG]  Deflating res/layout/titanium_ui_spinner.xml
[DEBUG]  Deflating res/layout/titanium_ui_switchcompat.xml
[DEBUG]  Deflating resources.arsc
[DEBUG]  Processing /Users/garicchi/Library/Application Support/Titanium/mobilesdk/osx/4.1.0.GA/android/kroll-v8.jar
[DEBUG]  Processing /Users/garicchi/Library/Application Support/Titanium/mobilesdk/osx/4.1.0.GA/android/modules/titanium-analytics.jar
[DEBUG]  Processing /Users/garicchi/Library/Application Support/Titanium/mobilesdk/osx/4.1.0.GA/android/aps-analytics.jar
[DEBUG]  Processing /Users/garicchi/Library/Application Support/Titanium/mobilesdk/osx/4.1.0.GA/android/modules/titanium-android.jar
[DEBUG]  Processing /Users/garicchi/Library/Application Support/Titanium/mobilesdk/osx/4.1.0.GA/android/jaxen-1.1.1.jar
[DEBUG]  Processing /Users/garicchi/Library/Application Support/Titanium/mobilesdk/osx/4.1.0.GA/android/ti-commons-codec-1.3.jar
[DEBUG]  Processing /Users/garicchi/Library/Application Support/Titanium/mobilesdk/osx/4.1.0.GA/android/kroll-common.jar
[DEBUG]  Processing /Users/garicchi/Library/Application Support/Titanium/mobilesdk/osx/4.1.0.GA/android/titanium.jar
[DEBUG]  Deflating org/appcelerator/titanium/build.properties
[DEBUG]  Adding org/appcelerator/titanium/res/drawable/background.png
[DEBUG]  Adding org/appcelerator/titanium/res/drawable/btn_check_buttonless_on.png
[DEBUG]  Adding org/appcelerator/titanium/res/drawable/btn_check_buttonless_on_100.png
[DEBUG]  Adding org/appcelerator/titanium/res/drawable/btn_check_buttonless_on_18.png
[DEBUG]  Adding org/appcelerator/titanium/res/drawable/btn_check_buttonless_on_48.png
[DEBUG]  Adding org/appcelerator/titanium/res/drawable/btn_check_buttonless_on_64.png
[DEBUG]  Adding org/appcelerator/titanium/res/drawable/btn_more.png
[DEBUG]  Adding org/appcelerator/titanium/res/drawable/btn_more_100.png
[DEBUG]  Adding org/appcelerator/titanium/res/drawable/btn_more_18.png
[DEBUG]  Adding org/appcelerator/titanium/res/drawable/btn_more_48.png
[DEBUG]  Adding org/appcelerator/titanium/res/drawable/btn_more_64.png
[DEBUG]  Adding org/appcelerator/titanium/res/drawable/btn_picker_normal.9.png
[DEBUG]  Adding org/appcelerator/titanium/res/drawable/btn_picker_pressed.9.png
[DEBUG]  Adding org/appcelerator/titanium/res/drawable/btn_picker_selected.9.png
[DEBUG]  Adding org/appcelerator/titanium/res/drawable/default_icon.png
[DEBUG]  Adding org/appcelerator/titanium/res/drawable/photoDefault.png
[DEBUG]  Processing /Users/garicchi/Library/Application Support/Titanium/mobilesdk/osx/4.1.0.GA/android/modules/titanium-app.jar
[DEBUG]  Processing /Users/garicchi/Library/Application Support/Titanium/mobilesdk/osx/4.1.0.GA/android/modules/titanium-ui.jar
[DEBUG]  Deflating ti/modules/titanium/ui/widget/webview/binding.js
[DEBUG]  Deflating ti/modules/titanium/ui/widget/webview/binding.min.js
[DEBUG]  Deflating ti/modules/titanium/ui/widget/webview/json2.js
[DEBUG]  Deflating ti/modules/titanium/ui/widget/webview/polling.js
[DEBUG]  Deflating ti/modules/titanium/ui/widget/webview/polling.min.js
[DEBUG]  Processing /Users/garicchi/Library/Application Support/Titanium/mobilesdk/osx/4.1.0.GA/android/nineoldandroids-appc-2.4.0.jar
[DEBUG]  Processing /Users/garicchi/Library/Application Support/Titanium/mobilesdk/osx/4.1.0.GA/android/modules/titanium-filesystem.jar
[DEBUG]  Processing /Users/garicchi/Library/Application Support/Titanium/mobilesdk/osx/4.1.0.GA/android/modules/titanium-media.jar
[DEBUG]  Processing /Users/garicchi/Library/Application Support/Titanium/mobilesdk/osx/4.1.0.GA/android/modules/titanium-appcompat.jar
[DEBUG]  Processing /Users/garicchi/Library/Application Support/Titanium/mobilesdk/osx/4.1.0.GA/android/android-support-v4.jar
[DEBUG]  Processing /Users/garicchi/Library/Application Support/Titanium/mobilesdk/osx/4.1.0.GA/android/android-support-v7-appcompat.jar
[DEBUG]  Processing /Users/garicchi/Library/Application Support/Titanium/mobilesdk/osx/4.1.0.GA/android/modules/titanium-locale.jar
[DEBUG]  Processing /Users/garicchi/Library/Application Support/Titanium/mobilesdk/osx/4.1.0.GA/android/modules/titanium-network.jar
[DEBUG]  Processing /Users/garicchi/Library/Application Support/Titanium/mobilesdk/osx/4.1.0.GA/android/thirdparty.jar
[DEBUG]  Deflating org/apache/Commons-NOTICE.txt
[DEBUG]  Deflating org/apache/HttpComponents-NOTICE.txt
[DEBUG]  Deflating org/apache/mime4j-NOTICE.txt
[DEBUG]  Processing /Users/garicchi/Library/Application Support/Titanium/mobilesdk/osx/4.1.0.GA/android/modules/titanium-xml.jar
[DEBUG]  Processing /Users/garicchi/Library/Application Support/Titanium/mobilesdk/osx/4.1.0.GA/android/modules/titanium-utils.jar
[DEBUG]  Processing /Users/garicchi/Library/Application Support/Titanium/mobilesdk/osx/4.1.0.GA/android/modules/titanium-geolocation.jar
[DEBUG]  Processing /Users/garicchi/Library/Application Support/Titanium/mobilesdk/osx/4.1.0.GA/android/modules/titanium-accelerometer.jar
[DEBUG]  Processing /Users/garicchi/Library/Application Support/Titanium/mobilesdk/osx/4.1.0.GA/android/modules/titanium-contacts.jar
[DEBUG]  Processing /Users/garicchi/Library/Application Support/Titanium/mobilesdk/osx/4.1.0.GA/android/modules/titanium-map.jar
[DEBUG]  Processing /Users/garicchi/Library/Application Support/Titanium/mobilesdk/osx/4.1.0.GA/android/modules/titanium-calendar.jar
[DEBUG]  Processing /Users/garicchi/Library/Application Support/Titanium/mobilesdk/osx/4.1.0.GA/android/modules/titanium-gesture.jar
[DEBUG]  Processing /Users/garicchi/Library/Application Support/Titanium/mobilesdk/osx/4.1.0.GA/android/modules/titanium-platform.jar
[DEBUG]  Processing /Users/garicchi/Library/Application Support/Titanium/mobilesdk/osx/4.1.0.GA/android/modules/titanium-database.jar
[DEBUG]  Adding classes.dex
[INFO]   Processing /Users/garicchi/Projects/Repository/TitaniumMobileSample/TiTodoSample/build/android/src
[DEBUG]  Adding lib/armeabi/libkroll-v8.so
[DEBUG]  Adding lib/armeabi/libstlport_shared.so
[DEBUG]  Adding lib/armeabi/libtiverify.so
[DEBUG]  Adding lib/armeabi-v7a/libkroll-v8.so
[DEBUG]  Adding lib/armeabi-v7a/libstlport_shared.so
[DEBUG]  Adding lib/armeabi-v7a/libtiverify.so
[DEBUG]  Adding lib/x86/libkroll-v8.so
[DEBUG]  Adding lib/x86/libstlport_shared.so
[DEBUG]  Adding lib/x86/libtiverify.so
[INFO]   Writing unsigned apk: /Users/garicchi/Projects/Repository/TitaniumMobileSample/TiTodoSample/build/android/bin/app-unsigned.apk
[INFO]   Using MD5withRSA signature algorithm
[INFO]   Signing apk: /Library/Java/JavaVirtualMachines/jdk1.8.0_51.jdk/Contents/Home/bin/jarsigner "-sigalg" "MD5withRSA" "-digestalg" "SHA1" "-keystore" "/Users/garicchi/Library/Application Support/Titanium/mobilesdk/osx/4.1.0.GA/android/dev_keystore" "-storepass" "*******" "-signedjar" "/Users/garicchi/Projects/Repository/TitaniumMobileSample/TiTodoSample/build/android/bin/TiTodoSample.apk" "/Users/garicchi/Projects/Repository/TitaniumMobileSample/TiTodoSample/build/android/bin/app-unsigned.apk" "tidev"
[INFO]   Aligning zip file: /Users/garicchi/Library/android-sdk-macosx/build-tools/23.0.0.3/zipalign "-v" "4" "/Users/garicchi/Projects/Repository/TitaniumMobileSample/TiTodoSample/build/android/bin/TiTodoSample.apk" "/Users/garicchi/Projects/Repository/TitaniumMobileSample/TiTodoSample/build/android/bin/TiTodoSample.apkz"
[INFO]   Writing build manifest: /Users/garicchi/Projects/Repository/TitaniumMobileSample/TiTodoSample/build/android/build-manifest.json
[INFO]   Making sure the adb server is running
[INFO]   Installing apk: /Users/garicchi/Projects/Repository/TitaniumMobileSample/TiTodoSample/build/android/bin/TiTodoSample.apk
[INFO]   Installing app on device: Xamarin Android Player ('Phone' version)
[TRACE]  Checking if package manager service is started
[TRACE]  Package manager has started
[TRACE]  Executing: /Users/garicchi/Library/android-sdk-macosx/platform-tools/adb -s 10.71.34.101:5555 install -r /Users/garicchi/Projects/Repository/TitaniumMobileSample/TiTodoSample/build/android/bin/TiTodoSample.apk
[INFO]   App successfully installed
[INFO]   Starting app: com.garicchi.titodosample/.TitodosampleActivity
[DEBUG]  Trying to start the app...
[INFO]   Application pid: 1816
[INFO]   Project built successfully in 1m 6s 383ms
